{"dhatFileVersion":2
,"mode":"heap","verb":"Allocated"
,"bklt":true,"bkacc":true
,"tu":"instrs","Mtu":"Minstr"
,"tuth":500
,"cmd":"./target/release/demo"
,"pid":1
,"te":5280979282
,"tg":5279219768
,"pps":
 [{"tb":472,"tbk":1
  ,"tl":134128
  ,"mb":472,"mbk":1
  ,"gb":0,"gbk":0
  ,"eb":0,"ebk":0
  ,"rb":2632,"wb":1191
  ,"acc":[-4,174,-4,1,-8,159,-8,72,-8,10,-8,14,-16,10,-8,19,-8,7,-8,3,-8,7,-8,1,-8,7,-8,3,-4,22,-3,12,9,-8,0,-2,1,-6,0,-8,4,-8,6,-8,0,-16,1,-8,0,-8,2,-4,8,-20,0,-8,13,-4,4,-4,3,-8,5,-88,1,-136,0,-8,1]
  ,"fs":[1,2,3,4,5,6,7,8,9,10,11,12,13,14,15]
  }
 ,{"tb":360,"tbk":2
  ,"tl":133173
  ,"mb":240,"mbk":1
  ,"gb":0,"gbk":0
  ,"eb":0,"ebk":0
  ,"rb":4902,"wb":3808
  ,"fs":[16,17,3,4,5,6,7,8,9,10,11,12,13,14,15]
  }
 ,{"tb":1024,"tbk":1
  ,"tl":133249
  ,"mb":1024,"mbk":1
  ,"gb":0,"gbk":0
  ,"eb":0,"ebk":0
  ,"rb":7296,"wb":3807
  ,"acc":[16,-573,12,-161,10,-289,9]
  ,"fs":[18,19,20,21,22,17,3,4,5,6,7,8,9,10,11,12,13,14,15]
  }
 ,{"tb":32,"tbk":1
  ,"tl":311
  ,"mb":0,"mbk":0
  ,"gb":0,"gbk":0
  ,"eb":0,"ebk":0
  ,"rb":32,"wb":96
  ,"acc":[-8,2,-8,4,-8,6,-8,4]
  ,"fs":[23,3,4,5,6,7,8,9,10,11,12,13,14,15]
  }
 ,{"tb":152,"tbk":1
  ,"tl":326
  ,"mb":0,"mbk":0
  ,"gb":0,"gbk":0
  ,"eb":0,"ebk":0
  ,"rb":24,"wb":16
  ,"acc":[-8,3,-8,2,-136,0]
  ,"fs":[24,25,26,3,4,5,6,7,8,9,10,11,12,13,14,15]
  }
 ,{"tb":32,"tbk":1
  ,"tl":228
  ,"mb":0,"mbk":0
  ,"gb":0,"gbk":0
  ,"eb":0,"ebk":0
  ,"rb":0,"wb":32
  ,"acc":[-32,1]
  ,"fs":[27,26,3,4,5,6,7,8,9,10,11,12,13,14,15]
  }
 ,{"tb":4,"tbk":1
  ,"tl":5280662131
  ,"mb":0,"mbk":0
  ,"gb":4,"gbk":1
  ,"eb":0,"ebk":0
  ,"rb":0,"wb":4
  ,"acc":[-4,1]
  ,"fs":[28,29,30,31,32,33,34,35,36,37,38,39,40,41,42,43,44,45,46,47,48,49,50,15]
  }
 ,{"tb":544,"tbk":1
  ,"tl":5280670694
  ,"mb":0,"mbk":0
  ,"gb":544,"gbk":1
  ,"eb":544,"ebk":1
  ,"rb":76,"wb":60
  ,"acc":[-16,3,-80,0,-40,2,-402,0,-2,4,-4,0]
  ,"fs":[51,52,53,54,55,56,57,58,59,60,61,62,43,44,45,46,47,48,49,50,15]
  }
 ,{"tb":4000000,"tbk":1
  ,"tl":5280660980
  ,"mb":4000000,"mbk":1
  ,"gb":4000000,"gbk":1
  ,"eb":0,"ebk":0
  ,"rb":804000000,"wb":4000000
  ,"fs":[63,64,65,66,67,68,69,70,71,72,73,74,75,76,77,78,79,80,81,82,83,84,85,86,87,88,15]
  }
 ,{"tb":1000000,"tbk":1
  ,"tl":5279910866
  ,"mb":1000000,"mbk":1
  ,"gb":1000000,"gbk":1
  ,"eb":0,"ebk":0
  ,"rb":201000000,"wb":1000000
  ,"fs":[89,90,91,92,93,94,95,96,97,98,99,100,101,102,77,78,79,80,81,82,83,84,85,86,87,88,15]
  }
 ,{"tb":650000,"tbk":1
  ,"tl":5279723254
  ,"mb":650000,"mbk":1
  ,"gb":650000,"gbk":1
  ,"eb":0,"ebk":0
  ,"rb":231799964,"wb":650012
  ,"fs":[103,104,105,106,107,108,109,110,111,112,113,114,77,78,79,80,81,82,83,84,85,86,87,88,15]
  }
 ,{"tb":80000,"tbk":1
  ,"tl":5279458498
  ,"mb":80000,"mbk":1
  ,"gb":80000,"gbk":1
  ,"eb":0,"ebk":0
  ,"rb":16080000,"wb":80000
  ,"fs":[115,116,117,118,119,120,121,122,123,124,125,126,127,128,77,78,79,80,81,82,83,84,85,86,87,88,15]
  }
 ,{"tb":209713600,"tbk":3400
  ,"tl":4278722800
  ,"mb":524288,"mbk":1
  ,"gb":0,"gbk":0
  ,"eb":0,"ebk":0
  ,"rb":204856000,"wb":204856000
  ,"fs":[129,130,131,132,133,134,135,136,137,138,139,140,141,142,143,144,145,146,147,148,149,150,151,152,77,78,79,80,81,82,83,84,85,86,87,88,15]
  }
 ,{"tb":100000000,"tbk":200
  ,"tl":87525200
  ,"mb":500000,"mbk":1
  ,"gb":0,"gbk":0
  ,"eb":0,"ebk":0
  ,"rb":0,"wb":100000000
  ,"fs":[153,154,155,156,157,158,159,160,161,162,163,164,152,77,78,79,80,81,82,83,84,85,86,87,88,15]
  }
 ,{"tb":29492800,"tbk":200
  ,"tl":261785436
  ,"mb":0,"mbk":0
  ,"gb":0,"gbk":0
  ,"eb":0,"ebk":0
  ,"rb":25094808,"wb":13278400
  ,"fs":[165,166,167,168,169,170,171,172,173,174,175,176,177,178,179,180,77,78,79,80,81,82,83,84,85,86,87,88,15]
  }
 ,{"tb":16000000,"tbk":200
  ,"tl":261156836
  ,"mb":0,"mbk":0
  ,"gb":0,"gbk":0
  ,"eb":0,"ebk":0
  ,"rb":8000000,"wb":8000000
  ,"fs":[181,182,183,184,185,186,187,188,189,190,180,77,78,79,80,81,82,83,84,85,86,87,88,15]
  }
 ,{"tb":1024,"tbk":1
  ,"tl":24771501
  ,"mb":0,"mbk":0
  ,"gb":1024,"gbk":1
  ,"eb":0,"ebk":0
  ,"rb":105,"wb":100
  ,"acc":[-8,10,-3,11,-3,10,-2,11,8,-5,6,2,-1001,0]
  ,"fs":[191,192,193,194,195,196,197,198,199,200,201,202,203,204,205,206,207,208,209,210,211,212,213,214,215,77,78,79,80,81,82,83,84,85,86,87,88,15]
  }
 ,{"tb":1048568,"tbk":17
  ,"tl":21393614
  ,"mb":0,"mbk":0
  ,"gb":524288,"gbk":1
  ,"eb":0,"ebk":0
  ,"rb":1024280,"wb":1024280
  ,"fs":[129,130,131,132,133,134,135,136,137,138,139,140,141,142,143,144,145,146,147,148,149,150,151,216,77,78,79,80,81,82,83,84,85,86,87,88,15]
  }
 ,{"tb":500000,"tbk":1
  ,"tl":438708
  ,"mb":500000,"mbk":1
  ,"gb":500000,"gbk":1
  ,"eb":0,"ebk":0
  ,"rb":0,"wb":500000
  ,"fs":[153,154,155,156,157,158,159,160,161,162,163,164,216,77,78,79,80,81,82,83,84,85,86,87,88,15]
  }
 ,{"tb":147464,"tbk":1
  ,"tl":1308842
  ,"mb":0,"mbk":0
  ,"gb":0,"gbk":0
  ,"eb":0,"ebk":0
  ,"rb":125408,"wb":66392
  ,"fs":[165,166,167,168,169,170,171,172,173,174,175,176,177,178,179,217,77,78,79,80,81,82,83,84,85,86,87,88,15]
  }
 ,{"tb":80000,"tbk":1
  ,"tl":1306714
  ,"mb":0,"mbk":0
  ,"gb":0,"gbk":0
  ,"eb":0,"ebk":0
  ,"rb":40000,"wb":40000
  ,"fs":[181,182,183,184,185,186,187,188,189,190,217,77,78,79,80,81,82,83,84,85,86,87,88,15]
  }
 ]
,"ftbl":
 ["[root]"
 ,"0x496F94F: __fopen_internal (iofopen.c:65)"
 ,"0x498727F: pthread_getattr_np@@GLIBC_2.32 (pthread_getattr_np.c:85)"
 ,"0x12DAB3: get_stack_start (stack_overflow.rs:372)"
 ,"0x12DAB3: stack_start_aligned (stack_overflow.rs:389)"
 ,"0x12DAB3: install_main_guard_linux (stack_overflow.rs:447)"
 ,"0x12DAB3: install_main_guard (stack_overflow.rs:413)"
 ,"0x12DAB3: init (stack_overflow.rs:155)"
 ,"0x12DAB3: init (mod.rs:41)"
 ,"0x12DAB3: init (rt.rs:118)"
 ,"0x12DAB3: {closure#0} (rt.rs:173)"
 ,"0x12DAB3: do_call<std::rt::lang_start_internal::{closure_env#0}, isize> (panicking.rs:581)"
 ,"0x12DAB3: catch_unwind<isize, std::rt::lang_start_internal::{closure_env#0}> (panicking.rs:544)"
 ,"0x12DAB3: catch_unwind<std::rt::lang_start_internal::{closure_env#0}, isize> (panic.rs:359)"
 ,"0x12DAB3: std::rt::lang_start_internal (rt.rs:171)"
 ,"0x11194F: main (in /app/target/release/demo)"
 ,"0x4970A1F: getdelim (iogetdelim.c:65)"
 ,"0x4987393: pthread_getattr_np@@GLIBC_2.32 (pthread_getattr_np.c:122)"
 ,"0x496EC87: _IO_file_doallocate (filedoalloc.c:101)"
 ,"0x497F6A7: _IO_doallocbuf (genops.c:373)"
 ,"0x497F6A7: _IO_doallocbuf (genops.c:368)"
 ,"0x497D4FF: _IO_file_underflow@@GLIBC_2.17 (fileops.c:487)"
 ,"0x4970A8B: getdelim (iogetdelim.c:77)"
 ,"0x4987153: pthread_getattr_np@@GLIBC_2.32 (pthread_getattr_np.c:180)"
 ,"0x49839DB: __pthread_attr_extension (pthread_attr_extension.c:28)"
 ,"0x4983D7B: pthread_attr_setaffinity_np@@GLIBC_2.32 (pthread_attr_setaffinity.c:45)"
 ,"0x49871FF: pthread_getattr_np@@GLIBC_2.32 (pthread_getattr_np.c:194)"
 ,"0x4983D97: pthread_attr_setaffinity_np@@GLIBC_2.32 (pthread_attr_setaffinity.c:51)"
 ,"0x130B03: alloc (alloc.rs:101)"
 ,"0x130B03: alloc_impl_runtime (alloc.rs:210)"
 ,"0x130B03: alloc_impl (alloc.rs:332)"
 ,"0x130B03: allocate (alloc.rs:449)"
 ,"0x130B03: try_clone_from_ref_in<str, alloc::alloc::Global> (boxed.rs:881)"
 ,"0x130B03: clone_from_ref_in<str, alloc::alloc::Global> (boxed.rs:840)"
 ,"0x130B03: clone_from_ref<str> (boxed.rs:793)"
 ,"0x130B03: from (convert.rs:138)"
 ,"0x130B03: call_once<fn(&str) -> alloc::boxed::Box<str, alloc::alloc::Global>, (&str)> (function.rs:250)"
 ,"0x130B03: map<&str, alloc::boxed::Box<str, alloc::alloc::Global>, fn(&str) -> alloc::boxed::Box<str, alloc::alloc::Global>> (option.rs:1165)"
 ,"0x130B03: {closure#0} (thread_info.rs:114)"
 ,"0x130B03: {closure#0}<std::sys::pal::unix::stack_overflow::thread_info::set_current_info::{closure_env#0}, core::option::Option<alloc::boxed::Box<str, alloc::alloc::Global>>> (current.rs:234)"
 ,"0x130B03: try_with_current<std::thread::current::with_current_name::{closure_env#0}<std::sys::pal::unix::stack_overflow::thread_info::set_current_info::{closure_env#0}, core::option::Option<alloc::boxed::Box<str, alloc::alloc::Global>>>, core::option::Option<alloc::boxed::Box<str, alloc::alloc::Global>>> (current.rs:204)"
 ,"0x130B03: with_current_name<std::sys::pal::unix::stack_overflow::thread_info::set_current_info::{closure_env#0}, core::option::Option<alloc::boxed::Box<str, alloc::alloc::Global>>> (current.rs:216)"
 ,"0x130B03: std::sys::pal::unix::stack_overflow::thread_info::set_current_info (thread_info.rs:114)"
 ,"0x12DBA3: init (stack_overflow.rs:179)"
 ,"0x12DBA3: init (mod.rs:41)"
 ,"0x12DBA3: init (rt.rs:118)"
 ,"0x12DBA3: {closure#0} (rt.rs:173)"
 ,"0x12DBA3: do_call<std::rt::lang_start_internal::{closure_env#0}, isize> (panicking.rs:581)"
 ,"0x12DBA3: catch_unwind<isize, std::rt::lang_start_internal::{closure_env#0}> (panicking.rs:544)"
 ,"0x12DBA3: catch_unwind<std::rt::lang_start_internal::{closure_env#0}, isize> (panic.rs:359)"
 ,"0x12DBA3: std::rt::lang_start_internal (rt.rs:171)"
 ,"0x130CDF: alloc (alloc.rs:101)"
 ,"0x130CDF: alloc_impl_runtime (alloc.rs:210)"
 ,"0x130CDF: alloc_impl (alloc.rs:332)"
 ,"0x130CDF: allocate (alloc.rs:449)"
 ,"0x130CDF: try_new_uninit_in<alloc::collections::btree::node::LeafNode<usize, std::sys::pal::unix::stack_overflow::thread_info::ThreadInfo>, alloc::alloc::Global> (boxed.rs:614)"
 ,"0x130CDF: new_uninit_in<alloc::collections::btree::node::LeafNode<usize, std::sys::pal::unix::stack_overflow::thread_info::ThreadInfo>, alloc::alloc::Global> (boxed.rs:581)"
 ,"0x130CDF: new<usize, std::sys::pal::unix::stack_overflow::thread_info::ThreadInfo, alloc::alloc::Global> (node.rs:87)"
 ,"0x130CDF: new_leaf<usize, std::sys::pal::unix::stack_overflow::thread_info::ThreadInfo, alloc::alloc::Global> (node.rs:225)"
 ,"0x130CDF: insert_entry<usize, std::sys::pal::unix::stack_overflow::thread_info::ThreadInfo, alloc::alloc::Global> (entry.rs:403)"
 ,"0x130CDF: insert<usize, std::sys::pal::unix::stack_overflow::thread_info::ThreadInfo, alloc::alloc::Global> (entry.rs:377)"
 ,"0x130CDF: insert<usize, std::sys::pal::unix::stack_overflow::thread_info::ThreadInfo, alloc::alloc::Global> (map.rs:1052)"
 ,"0x130CDF: std::sys::pal::unix::stack_overflow::thread_info::set_current_info (thread_info.rs:122)"
 ,"0x11135F: alloc (library/alloc/src/alloc.rs:101)"
 ,"0x11135F: alloc_impl_runtime (library/alloc/src/alloc.rs:210)"
 ,"0x11135F: alloc_impl (library/alloc/src/alloc.rs:332)"
 ,"0x11135F: allocate (library/alloc/src/alloc.rs:449)"
 ,"0x11135F: try_allocate_in<alloc::alloc::Global> (library/alloc/src/raw_vec/mod.rs:465)"
 ,"0x11135F: with_capacity_in<alloc::alloc::Global> (library/alloc/src/raw_vec/mod.rs:434)"
 ,"0x11135F: with_capacity_in<i64, alloc::alloc::Global> (library/alloc/src/raw_vec/mod.rs:177)"
 ,"0x11135F: with_capacity_in<i64, alloc::alloc::Global> (library/alloc/src/vec/mod.rs:977)"
 ,"0x11135F: with_capacity<i64> (library/alloc/src/vec/mod.rs:524)"
 ,"0x11135F: from_iter<i64, core::ops::range::Range<i64>> (library/alloc/src/vec/spec_from_iter_nested.rs:52)"
 ,"0x11135F: from_iter<i64, core::ops::range::Range<i64>> (library/alloc/src/vec/spec_from_iter.rs:33)"
 ,"0x11135F: from_iter<i64, core::ops::range::Range<i64>> (library/alloc/src/vec/mod.rs:3891)"
 ,"0x11135F: collect<core::ops::range::Range<i64>, alloc::vec::Vec<i64, alloc::alloc::Global>> (library/core/src/iter/traits/iterator.rs:2092)"
 ,"0x11135F: demo::main (demo.rs:4)"
 ,"0x11130F: call_once<fn(), ()> (library/core/src/ops/function.rs:250)"
 ,"0x11130F: std::sys::backtrace::__rust_begin_short_backtrace (library/std/src/sys/backtrace.rs:166)"
 ,"0x1112F7: std::rt::lang_start::{{closure}} (library/std/src/rt.rs:206)"
 ,"0x12DC67: call_once<(), (dyn core::ops::function::Fn<(), Output=i32> + core::marker::Sync + core::panic::unwind_safe::RefUnwindSafe)> (function.rs:287)"
 ,"0x12DC67: do_call<&(dyn core::ops::function::Fn<(), Output=i32> + core::marker::Sync + core::panic::unwind_safe::RefUnwindSafe), i32> (panicking.rs:581)"
 ,"0x12DC67: catch_unwind<i32, &(dyn core::ops::function::Fn<(), Output=i32> + core::marker::Sync + core::panic::unwind_safe::RefUnwindSafe)> (panicking.rs:544)"
 ,"0x12DC67: catch_unwind<&(dyn core::ops::function::Fn<(), Output=i32> + core::marker::Sync + core::panic::unwind_safe::RefUnwindSafe), i32> (panic.rs:359)"
 ,"0x12DC67: {closure#0} (rt.rs:175)"
 ,"0x12DC67: do_call<std::rt::lang_start_internal::{closure_env#0}, isize> (panicking.rs:581)"
 ,"0x12DC67: catch_unwind<isize, std::rt::lang_start_internal::{closure_env#0}> (panicking.rs:544)"
 ,"0x12DC67: catch_unwind<std::rt::lang_start_internal::{closure_env#0}, isize> (panic.rs:359)"
 ,"0x12DC67: std::rt::lang_start_internal (rt.rs:171)"
 ,"0x1113B7: alloc (library/alloc/src/alloc.rs:101)"
 ,"0x1113B7: alloc_impl_runtime (library/alloc/src/alloc.rs:210)"
 ,"0x1113B7: alloc_impl (library/alloc/src/alloc.rs:332)"
 ,"0x1113B7: allocate (library/alloc/src/alloc.rs:449)"
 ,"0x1113B7: try_allocate_in<alloc::alloc::Global> (library/alloc/src/raw_vec/mod.rs:465)"
 ,"0x1113B7: with_capacity_in<alloc::alloc::Global> (library/alloc/src/raw_vec/mod.rs:434)"
 ,"0x1113B7: with_capacity_in<u8, alloc::alloc::Global> (library/alloc/src/raw_vec/mod.rs:177)"
 ,"0x1113B7: with_capacity_in<u8, alloc::alloc::Global> (library/alloc/src/vec/mod.rs:977)"
 ,"0x1113B7: with_capacity<u8> (library/alloc/src/vec/mod.rs:524)"
 ,"0x1113B7: from_iter<u8, core::iter::adapters::map::Map<core::ops::range::Range<i32>, demo::main::{closure_env#0}>> (library/alloc/src/vec/spec_from_iter_nested.rs:52)"
 ,"0x1113B7: from_iter<u8, core::iter::adapters::map::Map<core::ops::range::Range<i32>, demo::main::{closure_env#0}>> (library/alloc/src/vec/spec_from_iter.rs:33)"
 ,"0x1113B7: from_iter<u8, core::iter::adapters::map::Map<core::ops::range::Range<i32>, demo::main::{closure_env#0}>> (library/alloc/src/vec/mod.rs:3891)"
 ,"0x1113B7: collect<core::iter::adapters::map::Map<core::ops::range::Range<i32>, demo::main::{closure_env#0}>, alloc::vec::Vec<u8, alloc::alloc::Global>> (library/core/src/iter/traits/iterator.rs:2092)"
 ,"0x1113B7: demo::main (demo.rs:5)"
 ,"0x111407: alloc (library/alloc/src/alloc.rs:101)"
 ,"0x111407: alloc_impl_runtime (library/alloc/src/alloc.rs:210)"
 ,"0x111407: alloc_impl (library/alloc/src/alloc.rs:332)"
 ,"0x111407: allocate (library/alloc/src/alloc.rs:449)"
 ,"0x111407: try_allocate_in<alloc::alloc::Global> (library/alloc/src/raw_vec/mod.rs:465)"
 ,"0x111407: with_capacity_in<alloc::alloc::Global> (library/alloc/src/raw_vec/mod.rs:434)"
 ,"0x111407: with_capacity_in<u8, alloc::alloc::Global> (library/alloc/src/raw_vec/mod.rs:177)"
 ,"0x111407: with_capacity_in<u8, alloc::alloc::Global> (library/alloc/src/vec/mod.rs:977)"
 ,"0x111407: with_capacity<u8> (library/alloc/src/vec/mod.rs:524)"
 ,"0x111407: repeat<u8> (library/alloc/src/slice.rs:524)"
 ,"0x111407: repeat (library/alloc/src/str.rs:530)"
 ,"0x111407: demo::main (demo.rs:6)"
 ,"0x11159B: alloc (library/alloc/src/alloc.rs:101)"
 ,"0x11159B: alloc_impl_runtime (library/alloc/src/alloc.rs:210)"
 ,"0x11159B: alloc_impl (library/alloc/src/alloc.rs:332)"
 ,"0x11159B: allocate (library/alloc/src/alloc.rs:449)"
 ,"0x11159B: try_allocate_in<alloc::alloc::Global> (library/alloc/src/raw_vec/mod.rs:465)"
 ,"0x11159B: with_capacity_in<alloc::alloc::Global> (library/alloc/src/raw_vec/mod.rs:434)"
 ,"0x11159B: with_capacity_in<u64, alloc::alloc::Global> (library/alloc/src/raw_vec/mod.rs:177)"
 ,"0x11159B: with_capacity_in<u64, alloc::alloc::Global> (library/alloc/src/vec/mod.rs:977)"
 ,"0x11159B: with_capacity<u64> (library/alloc/src/vec/mod.rs:524)"
 ,"0x11159B: from_iter<u64, core::iter::adapters::flatten::FlatMap<core::ops::range::Range<u64>, [u64; 2], demo::main::{closure_env#1}>> (library/alloc/src/vec/spec_from_iter_nested.rs:52)"
 ,"0x11159B: from_iter<u64, core::iter::adapters::flatten::FlatMap<core::ops::range::Range<u64>, [u64; 2], demo::main::{closure_env#1}>> (library/alloc/src/vec/spec_from_iter.rs:33)"
 ,"0x11159B: from_iter<u64, core::iter::adapters::flatten::FlatMap<core::ops::range::Range<u64>, [u64; 2], demo::main::{closure_env#1}>> (library/alloc/src/vec/mod.rs:3891)"
 ,"0x11159B: collect<core::iter::adapters::flatten::FlatMap<core::ops::range::Range<u64>, [u64; 2], demo::main::{closure_env#1}>, alloc::vec::Vec<u64, alloc::alloc::Global>> (library/core/src/iter/traits/iterator.rs:2092)"
 ,"0x11159B: demo::main (demo.rs:7)"
 ,"0x10C3DF: alloc (library/alloc/src/alloc.rs:101)"
 ,"0x10C3DF: alloc_impl_runtime (library/alloc/src/alloc.rs:210)"
 ,"0x10C3DF: alloc_impl (library/alloc/src/alloc.rs:332)"
 ,"0x10C3DF: allocate (library/alloc/src/alloc.rs:449)"
 ,"0x10C3DF: alloc::raw_vec::RawVecInner<A>::finish_grow (library/alloc/src/raw_vec/mod.rs:559)"
 ,"0x10C487: grow_amortized<alloc::alloc::Global> (library/alloc/src/raw_vec/mod.rs:528)"
 ,"0x10C487: alloc::raw_vec::RawVecInner<A>::reserve::do_reserve_and_handle (library/alloc/src/raw_vec/mod.rs:668)"
 ,"0x11224F: UnknownInlinedFun (library/alloc/src/raw_vec/mod.rs:675)"
 ,"0x11224F: UnknownInlinedFun (library/alloc/src/raw_vec/mod.rs:341)"
 ,"0x11224F: UnknownInlinedFun (library/alloc/src/vec/mod.rs:1471)"
 ,"0x11224F: UnknownInlinedFun (library/alloc/src/vec/mod.rs:2905)"
 ,"0x11224F: spec_extend<u8, alloc::alloc::Global> (library/alloc/src/vec/spec_extend.rs:56)"
 ,"0x11224F: UnknownInlinedFun (library/alloc/src/vec/mod.rs:3526)"
 ,"0x11224F: UnknownInlinedFun (library/alloc/src/string.rs:1102)"
 ,"0x11224F: {closure#0}<core::str::iter::SplitWhitespace> (library/alloc/src/string.rs:2525)"
 ,"0x11224F: {closure#0}<&str, alloc::string::{impl#18}::spec_extend_into::{closure_env#0}<core::str::iter::SplitWhitespace>> (library/core/src/iter/traits/iterator.rs:886)"
 ,"0x11224F: fold<core::str::iter::SplitWhitespace, (), core::iter::traits::iterator::Iterator::for_each::call::{closure_env#0}<&str, alloc::string::{impl#18}::spec_extend_into::{closure_env#0}<core::str::iter::SplitWhitespace>>> (library/core/src/iter/traits/iterator.rs:2673)"
 ,"0x11224F: for_each<core::str::iter::SplitWhitespace, alloc::string::{impl#18}::spec_extend_into::{closure_env#0}<core::str::iter::SplitWhitespace>> (library/core/src/iter/traits/iterator.rs:889)"
 ,"0x11224F: <T as alloc::string::SpecExtendStr>::spec_extend_into (library/alloc/src/string.rs:2525)"
 ,"0x112BCF: UnknownInlinedFun (library/alloc/src/string.rs:2508)"
 ,"0x112BCF: UnknownInlinedFun (library/alloc/src/string.rs:2389)"
 ,"0x112BCF: collect<core::str::iter::SplitWhitespace, alloc::string::String> (library/core/src/iter/traits/iterator.rs:2092)"
 ,"0x112BCF: broken_app::normalize (lib.rs:15)"
 ,"0x11163F: demo::main (demo.rs:12)"
 ,"0x140BCB: alloc (alloc.rs:101)"
 ,"0x140BCB: alloc_impl_runtime (alloc.rs:210)"
 ,"0x140BCB: alloc_impl (alloc.rs:332)"
 ,"0x140BCB: allocate (alloc.rs:449)"
 ,"0x140BCB: try_allocate_in<alloc::alloc::Global> (mod.rs:465)"
 ,"0x140BCB: with_capacity_in<alloc::alloc::Global> (mod.rs:434)"
 ,"0x140BCB: with_capacity_in<u8, alloc::alloc::Global> (mod.rs:177)"
 ,"0x140BCB: with_capacity_in<u8, alloc::alloc::Global> (mod.rs:977)"
 ,"0x140BCB: with_capacity<u8> (mod.rs:524)"
 ,"0x140BCB: convert_while_ascii (str.rs:641)"
 ,"0x140BCB: <str>::to_lowercase (str.rs:381)"
 ,"0x112BE3: broken_app::normalize (lib.rs:16)"
 ,"0x1127BF: alloc (library/alloc/src/alloc.rs:101)"
 ,"0x1127BF: alloc_impl_runtime (library/alloc/src/alloc.rs:210)"
 ,"0x1127BF: alloc_impl (library/alloc/src/alloc.rs:332)"
 ,"0x1127BF: allocate (library/alloc/src/alloc.rs:449)"
 ,"0x1127BF: do_alloc<alloc::alloc::Global> (src/raw/alloc.rs:19)"
 ,"0x1127BF: new_uninitialized<alloc::alloc::Global> (src/raw/mod.rs:1613)"
 ,"0x1127BF: fallible_with_capacity<alloc::alloc::Global> (src/raw/mod.rs:1672)"
 ,"0x1127BF: with_capacity<alloc::alloc::Global> (src/raw/mod.rs:1699)"
 ,"0x1127BF: hashbrown::raw::RawTable<T,A>::with_capacity_in (src/raw/mod.rs:694)"
 ,"0x1119CF: UnknownInlinedFun (src/raw/mod.rs:644)"
 ,"0x1119CF: UnknownInlinedFun (src/map.rs:502)"
 ,"0x1119CF: with_capacity_and_hasher<u64, std::hash::random::RandomState> (src/set.rs:509)"
 ,"0x1119CF: with_capacity_and_hasher<u64, std::hash::random::RandomState> (library/std/src/collections/hash/set.rs:279)"
 ,"0x1119CF: with_capacity<u64> (library/std/src/collections/hash/set.rs:170)"
 ,"0x1119CF: broken_app::algo::slow_dedup (algo.rs:4)"
 ,"0x11166B: demo::main (demo.rs:14)"
 ,"0x1119EB: UnknownInlinedFun (library/alloc/src/alloc.rs:101)"
 ,"0x1119EB: UnknownInlinedFun (library/alloc/src/alloc.rs:210)"
 ,"0x1119EB: UnknownInlinedFun (library/alloc/src/alloc.rs:332)"
 ,"0x1119EB: UnknownInlinedFun (library/alloc/src/alloc.rs:449)"
 ,"0x1119EB: UnknownInlinedFun (library/alloc/src/raw_vec/mod.rs:465)"
 ,"0x1119EB: UnknownInlinedFun (library/alloc/src/raw_vec/mod.rs:434)"
 ,"0x1119EB: with_capacity_in<u64, alloc::alloc::Global> (library/alloc/src/raw_vec/mod.rs:177)"
 ,"0x1119EB: with_capacity_in<u64, alloc::alloc::Global> (library/alloc/src/vec/mod.rs:977)"
 ,"0x1119EB: with_capacity<u64> (library/alloc/src/vec/mod.rs:524)"
 ,"0x1119EB: broken_app::algo::slow_dedup (algo.rs:5)"
 ,"0x12075B: alloc (alloc.rs:101)"
 ,"0x12075B: alloc_impl_runtime (alloc.rs:210)"
 ,"0x12075B: alloc_impl (alloc.rs:332)"
 ,"0x12075B: allocate (alloc.rs:449)"
 ,"0x12075B: try_allocate_in<alloc::alloc::Global> (mod.rs:465)"
 ,"0x12075B: with_capacity_in<alloc::alloc::Global> (mod.rs:434)"
 ,"0x12075B: with_capacity_in<u8, alloc::alloc::Global> (mod.rs:177)"
 ,"0x12075B: with_capacity_in<u8, alloc::alloc::Global> (mod.rs:977)"
 ,"0x12075B: with_capacity<u8> (mod.rs:524)"
 ,"0x12075B: with_capacity<std::io::stdio::StdoutRaw> (bufwriter.rs:122)"
 ,"0x12075B: with_capacity<std::io::stdio::StdoutRaw> (linewriter.rs:110)"
 ,"0x12075B: new<std::io::stdio::StdoutRaw> (linewriter.rs:90)"
 ,"0x12075B: {closure#0} (stdio.rs:719)"
 ,"0x12075B: {closure#0}<std::sync::reentrant_lock::ReentrantLock<core::cell::RefCell<std::io::buffered::linewriter::LineWriter<std::io::stdio::StdoutRaw>>>, std::io::stdio::stdout::{closure_env#0}> (once_lock.rs:321)"
 ,"0x12075B: {closure#0}<std::sync::reentrant_lock::ReentrantLock<core::cell::RefCell<std::io::buffered::linewriter::LineWriter<std::io::stdio::StdoutRaw>>>, std::sync::once_lock::{impl#0}::get_or_init::{closure_env#0}<std::sync::reentrant_lock::ReentrantLock<core::cell::RefCell<std::io::buffered::linewriter::LineWriter<std::io::stdio::StdoutRaw>>>, std::io::stdio::stdout::{closure_env#0}>, !> (once_lock.rs:543)"
 ,"0x12075B: <std::sync::once::Once>::call_once_force::<<std::sync::once_lock::OnceLock<std::sync::reentrant_lock::ReentrantLock<core::cell::RefCell<std::io::buffered::linewriter::LineWriter<std::io::stdio::StdoutRaw>>>>>::initialize<<std::sync::once_lock::OnceLock<std::sync::reentrant_lock::ReentrantLock<core::cell::RefCell<std::io::buffered::linewriter::LineWriter<std::io::stdio::StdoutRaw>>>>>::get_or_init<std::io::stdio::stdout::{closure#0}>::{closure#0}, !>::{closure#0}>::{closure#0} (once.rs:226)"
 ,"0x11023B: <std::sys::sync::once::futex::Once>::call (futex.rs:183)"
 ,"0x10CC27: call_once_force<std::sync::once_lock::{impl#0}::initialize::{closure_env#0}<std::sync::reentrant_lock::ReentrantLock<core::cell::RefCell<std::io::buffered::linewriter::LineWriter<std::io::stdio::StdoutRaw>>>, std::sync::once_lock::{impl#0}::get_or_init::{closure_env#0}<std::sync::reentrant_lock::ReentrantLock<core::cell::RefCell<std::io::buffered::linewriter::LineWriter<std::io::stdio::StdoutRaw>>>, std::io::stdio::stdout::{closure_env#0}>, !>> (once.rs:226)"
 ,"0x10CC27: <std::sync::once_lock::OnceLock<std::sync::reentrant_lock::ReentrantLock<core::cell::RefCell<std::io::buffered::linewriter::LineWriter<std::io::stdio::StdoutRaw>>>>>::initialize::<<std::sync::once_lock::OnceLock<std::sync::reentrant_lock::ReentrantLock<core::cell::RefCell<std::io::buffered::linewriter::LineWriter<std::io::stdio::StdoutRaw>>>>>::get_or_init<std::io::stdio::stdout::{closure#0}>::{closure#0}, !> (once_lock.rs:542)"
 ,"0x12EC3F: get_or_try_init<std::sync::reentrant_lock::ReentrantLock<core::cell::RefCell<std::io::buffered::linewriter::LineWriter<std::io::stdio::StdoutRaw>>>, std::sync::once_lock::{impl#0}::get_or_init::{closure_env#0}<std::sync::reentrant_lock::ReentrantLock<core::cell::RefCell<std::io::buffered::linewriter::LineWriter<std::io::stdio::StdoutRaw>>>, std::io::stdio::stdout::{closure_env#0}>, !> (once_lock.rs:410)"
 ,"0x12EC3F: get_or_init<std::sync::reentrant_lock::ReentrantLock<core::cell::RefCell<std::io::buffered::linewriter::LineWriter<std::io::stdio::StdoutRaw>>>, std::io::stdio::stdout::{closure_env#0}> (once_lock.rs:321)"
 ,"0x12EC3F: stdout (stdio.rs:719)"
 ,"0x12EC3F: print_to<std::io::stdio::Stdout> (stdio.rs:1164)"
 ,"0x12EC3F: std::io::stdio::_print (stdio.rs:1275)"
 ,"0x1116BB: demo::main (demo.rs:17)"
 ,"0x111703: demo::main (demo.rs:19)"
 ,"0x111773: demo::main (demo.rs:21)"
 ]
}
